<?xml version="1.0" encoding="UTF-8"?>
<testsuite xmlns:xsi="http://www.w3.org/2001/XMLSchema-instance" xsi:noNamespaceSchemaLocation="https://maven.apache.org/surefire/maven-surefire-plugin/xsd/surefire-test-report-3.0.xsd" version="3.0" name="br.ufjf.repository.MedicoRepositoryTest" time="0.126" tests="6" errors="0" skipped="0" failures="0">
  <properties>
[...]
</properties>
  <testcase name="testDeleteByCPF" classname="br.ufjf.repository.MedicoRepositoryTest" time="0.067"/>
  <testcase name="testSaveAndLoad" classname="br.ufjf.repository.MedicoRepositoryTest" time="0.017"/>
  <testcase name="testFindByID" classname="br.ufjf.repository.MedicoRepositoryTest" time="0.001"/>
  <testcase name="testDeleteByID" classname="br.ufjf.repository.MedicoRepositoryTest" time="0.001"/>
  <testcase name="testFindByCPF" classname="br.ufjf.repository.MedicoRepositoryTest" time="0.002"/>
  <testcase name="testUpdate" classname="br.ufjf.repository.MedicoRepositoryTest" time="0.002"/>
</testsuite>